2015-03-23 12:45:00,710 - INFO - Received event notification
2015-03-23 12:45:00,722 - INFO - Received event notification
2015-03-23 12:45:00,723 - INFO - Adding buffer identifiers for file: /home/uncledozer/.nvimrc
2015-03-23 12:45:05,961 - INFO - Received health request
2015-03-23 12:45:05,971 - INFO - Received completion request
2015-03-23 12:45:06,219 - INFO - Received completion request
2015-03-23 12:45:07,238 - INFO - Received event notification
2015-03-23 12:45:07,239 - INFO - Adding ONE buffer identifier for file: /home/uncledozer/.nvimrc
2015-03-23 12:45:07,250 - INFO - Received completion request
2015-03-23 12:45:08,059 - INFO - Received completion request
2015-03-23 12:45:08,190 - INFO - Received completion request
2015-03-23 12:45:08,270 - INFO - Received completion request
2015-03-23 12:45:08,458 - INFO - Received completion request
2015-03-23 12:45:08,536 - INFO - Received completion request
2015-03-23 12:45:09,499 - INFO - Received event notification
2015-03-23 12:45:09,500 - INFO - Adding ONE buffer identifier for file: /home/uncledozer/.nvimrc
2015-03-23 12:45:09,512 - INFO - Received completion request
2015-03-23 12:45:09,808 - INFO - Received completion request
2015-03-23 12:45:10,081 - INFO - Received completion request
2015-03-23 12:45:10,225 - INFO - Received completion request
2015-03-23 12:45:10,368 - INFO - Received completion request
2015-03-23 12:45:10,471 - INFO - Received completion request
2015-03-23 12:45:11,432 - INFO - Received completion request
2015-03-23 12:45:11,541 - INFO - Received completion request
2015-03-23 12:45:12,088 - INFO - Received event notification
2015-03-23 12:45:12,089 - INFO - Adding ONE buffer identifier for file: /home/uncledozer/.nvimrc
2015-03-23 12:45:12,100 - INFO - Received completion request
2015-03-23 12:46:41,147 - INFO - Received completion request
2015-03-23 12:46:41,223 - INFO - Received completion request
2015-03-23 12:46:41,340 - INFO - Received completion request
2015-03-23 12:46:41,561 - INFO - Received completion request
2015-03-23 12:46:41,698 - INFO - Received completion request
2015-03-23 12:46:42,519 - INFO - Received event notification
2015-03-23 12:46:42,520 - INFO - Adding ONE buffer identifier for file: /home/uncledozer/.nvimrc
2015-03-23 12:46:42,530 - INFO - Received completion request
2015-03-23 12:46:43,831 - INFO - Received completion request
2015-03-23 12:46:44,179 - INFO - Received completion request
2015-03-23 12:46:44,293 - INFO - Received completion request
2015-03-23 12:46:44,422 - INFO - Received completion request
2015-03-23 12:46:44,536 - INFO - Received completion request
2015-03-23 12:46:45,269 - INFO - Received event notification
2015-03-23 12:46:45,270 - INFO - Adding ONE buffer identifier for file: /home/uncledozer/.nvimrc
2015-03-23 12:46:45,281 - INFO - Received completion request
2015-03-23 12:46:45,584 - INFO - Received completion request
2015-03-23 12:46:45,699 - INFO - Received completion request
2015-03-23 12:46:45,874 - INFO - Received completion request
2015-03-23 12:46:45,975 - INFO - Received completion request
2015-03-23 12:46:46,670 - INFO - Received event notification
2015-03-23 12:46:46,671 - INFO - Adding buffer identifiers for file: /home/uncledozer/.nvimrc
2015-03-23 12:46:46,683 - INFO - Received event notification
2015-03-23 12:46:46,684 - INFO - Adding ONE buffer identifier for file: /home/uncledozer/.nvimrc
2015-03-23 12:46:49,946 - INFO - Received event notification
2015-03-23 12:46:49,947 - INFO - Adding buffer identifiers for file: /home/uncledozer/.nvimrc
2015-03-23 12:47:20,287 - INFO - Received event notification
