2015-04-07 21:01:51,208 - INFO - Received event notification
2015-04-07 21:01:51,304 - INFO - Received event notification
2015-04-07 21:01:51,308 - INFO - Adding buffer identifiers for file: /home/uncledozer/.dots/.nvimrc
2015-04-07 21:02:01,923 - INFO - Received health request
2015-04-07 21:02:01,930 - INFO - Received event notification
2015-04-07 21:02:03,899 - INFO - Received completion request
2015-04-07 21:02:04,147 - INFO - Received completion request
2015-04-07 21:02:04,389 - INFO - Received completion request
2015-04-07 21:02:04,482 - INFO - Received completion request
2015-04-07 21:02:04,625 - INFO - Received event notification
2015-04-07 21:02:04,626 - INFO - Adding ONE buffer identifier for file: /home/uncledozer/.dots/.nvimrc
2015-04-07 21:02:04,636 - INFO - Received completion request
2015-04-07 21:02:04,856 - INFO - Received completion request
2015-04-07 21:02:05,044 - INFO - Received completion request
2015-04-07 21:02:05,140 - INFO - Received completion request
2015-04-07 21:02:05,306 - INFO - Received completion request
2015-04-07 21:02:05,416 - INFO - Received completion request
2015-04-07 21:02:05,537 - INFO - Received completion request
2015-04-07 21:02:06,707 - INFO - Received event notification
2015-04-07 21:02:06,708 - INFO - Adding ONE buffer identifier for file: /home/uncledozer/.dots/.nvimrc
2015-04-07 21:02:08,724 - INFO - Received event notification
2015-04-07 21:02:08,724 - INFO - Adding buffer identifiers for file: /home/uncledozer/.dots/.nvimrc
2015-04-07 21:02:12,544 - INFO - Received completion request
2015-04-07 21:02:13,044 - INFO - Received completion request
2015-04-07 21:02:13,445 - INFO - Received completion request
2015-04-07 21:02:13,533 - INFO - Received completion request
2015-04-07 21:02:13,831 - INFO - Received event notification
2015-04-07 21:02:13,831 - INFO - Adding ONE buffer identifier for file: /home/uncledozer/.dots/.nvimrc
2015-04-07 21:02:13,842 - INFO - Received completion request
2015-04-07 21:02:14,081 - INFO - Received completion request
2015-04-07 21:02:15,306 - INFO - Received completion request
2015-04-07 21:02:15,373 - INFO - Received completion request
2015-04-07 21:02:15,456 - INFO - Received completion request
2015-04-07 21:02:15,936 - INFO - Received event notification
2015-04-07 21:02:15,937 - INFO - Adding ONE buffer identifier for file: /home/uncledozer/.dots/.nvimrc
2015-04-07 21:02:15,947 - INFO - Received completion request
2015-04-07 21:02:16,368 - INFO - Received completion request
2015-04-07 21:02:16,482 - INFO - Received completion request
2015-04-07 21:02:16,621 - INFO - Received completion request
2015-04-07 21:02:16,888 - INFO - Received completion request
2015-04-07 21:02:16,958 - INFO - Received completion request
2015-04-07 21:02:17,287 - INFO - Received completion request
2015-04-07 21:02:17,458 - INFO - Received completion request
2015-04-07 21:02:17,568 - INFO - Received completion request
2015-04-07 21:02:17,711 - INFO - Received completion request
2015-04-07 21:02:18,695 - INFO - Received event notification
2015-04-07 21:02:18,696 - INFO - Adding buffer identifiers for file: /home/uncledozer/.dots/.nvimrc
2015-04-07 21:02:18,706 - INFO - Received event notification
2015-04-07 21:02:18,707 - INFO - Adding ONE buffer identifier for file: /home/uncledozer/.dots/.nvimrc
2015-04-07 21:02:30,734 - INFO - Received event notification
2015-04-07 21:02:30,735 - INFO - Adding buffer identifiers for file: /home/uncledozer/.dots/.nvimrc
