2015-04-07 20:52:10,895 - INFO - Received event notification
2015-04-07 20:52:10,994 - INFO - Received event notification
2015-04-07 20:52:10,998 - INFO - Adding buffer identifiers for file: /home/uncledozer/.dots/.nvimrc
2015-04-07 20:52:18,847 - INFO - Received health request
2015-04-07 20:52:18,855 - INFO - Received completion request
2015-04-07 20:52:19,112 - INFO - Received completion request
2015-04-07 20:52:19,210 - INFO - Received completion request
2015-04-07 20:52:19,450 - INFO - Received completion request
2015-04-07 20:52:19,960 - INFO - Received completion request
2015-04-07 20:52:20,032 - INFO - Received completion request
2015-04-07 20:52:20,306 - INFO - Received event notification
2015-04-07 20:52:20,306 - INFO - Adding ONE buffer identifier for file: /home/uncledozer/.dots/.nvimrc
2015-04-07 20:52:20,321 - INFO - Received completion request
2015-04-07 20:52:20,564 - INFO - Received completion request
2015-04-07 20:52:20,668 - INFO - Received completion request
2015-04-07 20:52:20,845 - INFO - Received completion request
2015-04-07 20:52:24,408 - INFO - Received completion request
2015-04-07 20:52:24,535 - INFO - Received completion request
2015-04-07 20:52:24,700 - INFO - Received completion request
2015-04-07 20:52:24,816 - INFO - Received completion request
2015-04-07 20:52:24,945 - INFO - Received completion request
2015-04-07 20:52:26,918 - INFO - Received event notification
2015-04-07 20:52:26,919 - INFO - Adding ONE buffer identifier for file: /home/uncledozer/.dots/.nvimrc
2015-04-07 20:52:26,930 - INFO - Received completion request
2015-04-07 20:52:27,265 - INFO - Received completion request
2015-04-07 20:52:28,916 - INFO - Received event notification
2015-04-07 20:52:28,916 - INFO - Adding ONE buffer identifier for file: /home/uncledozer/.dots/.nvimrc
2015-04-07 20:52:28,929 - INFO - Received completion request
2015-04-07 20:52:29,053 - INFO - Received completion request
2015-04-07 20:52:29,203 - INFO - Received completion request
2015-04-07 20:52:29,315 - INFO - Received completion request
2015-04-07 20:52:29,482 - INFO - Received completion request
2015-04-07 20:52:29,636 - INFO - Received completion request
2015-04-07 20:52:33,678 - INFO - Received completion request
2015-04-07 20:52:34,105 - INFO - Received completion request
2015-04-07 20:52:34,478 - INFO - Received completion request
2015-04-07 20:52:34,529 - INFO - Received completion request
2015-04-07 20:52:34,605 - INFO - Received completion request
2015-04-07 20:52:35,305 - INFO - Received completion request
2015-04-07 20:52:35,555 - INFO - Received completion request
2015-04-07 20:52:36,114 - INFO - Received event notification
2015-04-07 20:52:36,115 - INFO - Adding ONE buffer identifier for file: /home/uncledozer/.dots/.nvimrc
2015-04-07 20:52:36,127 - INFO - Received completion request
2015-04-07 20:52:36,371 - INFO - Received completion request
2015-04-07 20:52:36,494 - INFO - Received completion request
2015-04-07 20:52:36,592 - INFO - Received completion request
2015-04-07 20:52:36,705 - INFO - Received completion request
2015-04-07 20:52:37,074 - INFO - Received completion request
2015-04-07 20:52:37,224 - INFO - Received completion request
2015-04-07 20:52:37,357 - INFO - Received completion request
2015-04-07 20:52:37,375 - INFO - Received completion request
2015-04-07 20:52:37,501 - INFO - Received event notification
2015-04-07 20:52:37,502 - INFO - Adding ONE buffer identifier for file: /home/uncledozer/.dots/.nvimrc
2015-04-07 20:52:37,514 - INFO - Received completion request
2015-04-07 20:52:38,663 - INFO - Received completion request
2015-04-07 20:52:38,952 - INFO - Received completion request
2015-04-07 20:52:39,122 - INFO - Received completion request
2015-04-07 20:52:39,265 - INFO - Received completion request
2015-04-07 20:52:39,383 - INFO - Received completion request
2015-04-07 20:52:39,517 - INFO - Received completion request
2015-04-07 20:52:39,648 - INFO - Received completion request
2015-04-07 20:52:40,598 - INFO - Received completion request
2015-04-07 20:52:40,780 - INFO - Received completion request
2015-04-07 20:52:40,893 - INFO - Received completion request
2015-04-07 20:52:41,054 - INFO - Received completion request
2015-04-07 20:52:41,156 - INFO - Received completion request
2015-04-07 20:52:41,303 - INFO - Received completion request
2015-04-07 20:52:41,958 - INFO - Received event notification
2015-04-07 20:52:41,959 - INFO - Adding buffer identifiers for file: /home/uncledozer/.dots/.nvimrc
2015-04-07 20:52:41,971 - INFO - Received event notification
2015-04-07 20:52:41,972 - INFO - Adding ONE buffer identifier for file: /home/uncledozer/.dots/.nvimrc
2015-04-07 20:52:44,718 - INFO - Received event notification
2015-04-07 20:52:44,719 - INFO - Adding buffer identifiers for file: /home/uncledozer/.dots/.nvimrc
