2015-04-04 13:51:18,297 - INFO - Received event notification
2015-04-04 13:51:18,307 - INFO - Received event notification
2015-04-04 13:51:18,308 - INFO - Adding buffer identifiers for file: /home/uncledozer/.dots/.nvimrc
2015-04-04 13:51:28,702 - INFO - Received health request
2015-04-04 13:51:28,710 - INFO - Received event notification
2015-04-04 13:51:28,711 - INFO - Adding buffer identifiers for file: /home/uncledozer/.dots/.nvimrc
2015-04-04 13:51:29,962 - INFO - Received completion request
2015-04-04 13:51:30,218 - INFO - Received completion request
2015-04-04 13:51:31,286 - INFO - Received event notification
2015-04-04 13:51:31,287 - INFO - Adding buffer identifiers for file: /home/uncledozer/.dots/.nvimrc
2015-04-04 13:51:31,300 - INFO - Received event notification
2015-04-04 13:51:33,456 - INFO - Received completion request
2015-04-04 13:51:33,533 - INFO - Received completion request
2015-04-04 13:51:33,655 - INFO - Received completion request
2015-04-04 13:51:33,697 - INFO - Received completion request
2015-04-04 13:51:33,831 - INFO - Received completion request
2015-04-04 13:51:33,893 - INFO - Received completion request
2015-04-04 13:51:34,491 - INFO - Received completion request
2015-04-04 13:51:34,732 - INFO - Received completion request
2015-04-04 13:51:34,757 - INFO - Received completion request
2015-04-04 13:51:35,156 - INFO - Received completion request
2015-04-04 13:51:35,184 - INFO - Received completion request
2015-04-04 13:51:35,448 - INFO - Received completion request
2015-04-04 13:51:35,491 - INFO - Received completion request
2015-04-04 13:51:35,517 - INFO - Received completion request
2015-04-04 13:51:35,585 - INFO - Received completion request
2015-04-04 13:51:36,567 - INFO - Received event notification
2015-04-04 13:51:36,568 - INFO - Adding buffer identifiers for file: /home/uncledozer/.dots/.nvimrc
2015-04-04 13:51:36,578 - INFO - Received event notification
2015-04-04 13:51:36,579 - INFO - Adding ONE buffer identifier for file: /home/uncledozer/.dots/.nvimrc
2015-04-04 13:51:39,342 - INFO - Received event notification
2015-04-04 13:51:39,343 - INFO - Adding buffer identifiers for file: /home/uncledozer/.dots/.nvimrc
2015-04-04 13:51:39,832 - INFO - Received event notification
2015-04-04 13:51:39,833 - INFO - Adding buffer identifiers for file: /home/uncledozer/.dots/.nvimrc
2015-04-04 13:51:45,190 - INFO - Received event notification
2015-04-04 13:51:45,190 - INFO - Adding buffer identifiers for file: /home/uncledozer/.dots/.nvimrc
2015-04-04 13:52:07,899 - INFO - Received event notification
2015-04-04 13:52:07,900 - INFO - Adding buffer identifiers for file: /home/uncledozer/.dots/.nvimrc
2015-04-04 13:52:08,341 - INFO - Received event notification
2015-04-04 13:52:08,342 - INFO - Adding buffer identifiers for file: /home/uncledozer/.dots/.nvimrc
2015-04-04 13:52:08,752 - INFO - Received event notification
2015-04-04 13:52:08,752 - INFO - Adding buffer identifiers for file: /home/uncledozer/.dots/.nvimrc
2015-04-04 13:52:09,169 - INFO - Received event notification
2015-04-04 13:52:09,170 - INFO - Adding buffer identifiers for file: /home/uncledozer/.dots/.nvimrc
2015-04-04 13:52:09,624 - INFO - Received event notification
2015-04-04 13:52:09,625 - INFO - Adding buffer identifiers for file: /home/uncledozer/.dots/.nvimrc
2015-04-04 13:52:12,598 - INFO - Received event notification
2015-04-04 13:52:12,598 - INFO - Adding buffer identifiers for file: /home/uncledozer/.dots/.nvimrc
2015-04-04 13:52:12,925 - INFO - Received event notification
2015-04-04 13:52:12,925 - INFO - Adding buffer identifiers for file: /home/uncledozer/.dots/.nvimrc
2015-04-04 13:52:13,081 - INFO - Received event notification
2015-04-04 13:52:13,082 - INFO - Adding buffer identifiers for file: /home/uncledozer/.dots/.nvimrc
2015-04-04 13:52:13,438 - INFO - Received event notification
2015-04-04 13:52:13,439 - INFO - Adding buffer identifiers for file: /home/uncledozer/.dots/.nvimrc
2015-04-04 13:52:13,612 - INFO - Received event notification
2015-04-04 13:52:13,613 - INFO - Adding buffer identifiers for file: /home/uncledozer/.dots/.nvimrc
2015-04-04 13:52:13,961 - INFO - Received event notification
2015-04-04 13:52:13,962 - INFO - Adding buffer identifiers for file: /home/uncledozer/.dots/.nvimrc
2015-04-04 13:52:15,077 - INFO - Received event notification
2015-04-04 13:52:15,078 - INFO - Adding buffer identifiers for file: /home/uncledozer/.dots/.nvimrc
2015-04-04 13:52:15,909 - INFO - Received event notification
2015-04-04 13:52:15,910 - INFO - Adding buffer identifiers for file: /home/uncledozer/.dots/.nvimrc
2015-04-04 13:52:16,592 - INFO - Received event notification
2015-04-04 13:52:16,593 - INFO - Adding buffer identifiers for file: /home/uncledozer/.dots/.nvimrc
2015-04-04 13:52:17,984 - INFO - Received event notification
2015-04-04 13:52:17,985 - INFO - Adding buffer identifiers for file: /home/uncledozer/.dots/.nvimrc
2015-04-04 13:52:18,896 - INFO - Received event notification
2015-04-04 13:52:18,897 - INFO - Adding buffer identifiers for file: /home/uncledozer/.dots/.nvimrc
2015-04-04 13:52:20,056 - INFO - Received event notification
2015-04-04 13:52:20,056 - INFO - Adding buffer identifiers for file: /home/uncledozer/.dots/.nvimrc
2015-04-04 13:52:20,877 - INFO - Received event notification
2015-04-04 13:52:20,878 - INFO - Adding buffer identifiers for file: /home/uncledozer/.dots/.nvimrc
2015-04-04 13:52:21,541 - INFO - Received event notification
2015-04-04 13:52:21,541 - INFO - Adding buffer identifiers for file: /home/uncledozer/.dots/.nvimrc
2015-04-04 13:52:25,957 - INFO - Received event notification
