2015-03-22 16:29:59,372 - INFO - Received event notification
2015-03-22 16:29:59,382 - INFO - Received event notification
2015-03-22 16:29:59,383 - INFO - Adding buffer identifiers for file: /etc/fonts/conf.avail.infinality/combi/37-repl-global-combi.conf
2015-03-22 16:30:37,535 - INFO - Received health request
2015-03-22 16:30:37,544 - INFO - Received event notification
2015-03-22 16:30:37,545 - INFO - Adding buffer identifiers for file: /etc/fonts/conf.avail.infinality/combi/37-repl-global-combi.conf
2015-03-22 16:30:42,003 - INFO - Received completion request
2015-03-22 16:30:42,244 - INFO - Received completion request
2015-03-22 16:30:42,336 - INFO - Received completion request
2015-03-22 16:30:42,481 - INFO - Received completion request
2015-03-22 16:30:42,953 - INFO - Received completion request
2015-03-22 16:30:43,098 - INFO - Received completion request
2015-03-22 16:30:43,246 - INFO - Received completion request
2015-03-22 16:30:44,048 - INFO - Received completion request
2015-03-22 16:30:44,608 - INFO - Received completion request
2015-03-22 16:30:44,839 - INFO - Received completion request
2015-03-22 16:30:44,954 - INFO - Received completion request
2015-03-22 16:30:45,136 - INFO - Received completion request
2015-03-22 16:30:45,423 - INFO - Received completion request
2015-03-22 16:30:46,098 - INFO - Received event notification
2015-03-22 16:30:46,099 - INFO - Adding buffer identifiers for file: /etc/fonts/conf.avail.infinality/combi/37-repl-global-combi.conf
2015-03-22 16:30:46,106 - INFO - Received event notification
2015-03-22 16:30:46,107 - INFO - Adding ONE buffer identifier for file: /etc/fonts/conf.avail.infinality/combi/37-repl-global-combi.conf
2015-03-22 16:31:25,918 - INFO - Received event notification
2015-03-22 16:31:25,918 - INFO - Adding buffer identifiers for file: /etc/fonts/conf.avail.infinality/combi/37-repl-global-combi.conf
2015-03-22 16:31:28,510 - INFO - Received completion request
2015-03-22 16:31:28,845 - INFO - Received completion request
2015-03-22 16:31:29,088 - INFO - Received completion request
2015-03-22 16:31:29,296 - INFO - Received event notification
2015-03-22 16:31:29,297 - INFO - Adding ONE buffer identifier for file: /etc/fonts/conf.avail.infinality/combi/37-repl-global-combi.conf
2015-03-22 16:31:29,307 - INFO - Received completion request
2015-03-22 16:31:30,479 - INFO - Received completion request
2015-03-22 16:31:31,172 - INFO - Received completion request
2015-03-22 16:31:31,522 - INFO - Received completion request
2015-03-22 16:31:31,958 - INFO - Received completion request
2015-03-22 16:31:32,110 - INFO - Received completion request
2015-03-22 16:31:32,196 - INFO - Received completion request
2015-03-22 16:31:33,143 - INFO - Received completion request
2015-03-22 16:31:33,712 - INFO - Received completion request
2015-03-22 16:31:33,870 - INFO - Received event notification
2015-03-22 16:31:33,871 - INFO - Adding ONE buffer identifier for file: /etc/fonts/conf.avail.infinality/combi/37-repl-global-combi.conf
2015-03-22 16:31:33,879 - INFO - Received completion request
2015-03-22 16:31:34,599 - INFO - Received completion request
2015-03-22 16:31:34,939 - INFO - Received completion request
2015-03-22 16:31:35,113 - INFO - Received completion request
2015-03-22 16:31:35,222 - INFO - Received completion request
2015-03-22 16:31:35,382 - INFO - Received completion request
2015-03-22 16:31:35,880 - INFO - Received event notification
2015-03-22 16:31:35,881 - INFO - Adding buffer identifiers for file: /etc/fonts/conf.avail.infinality/combi/37-repl-global-combi.conf
2015-03-22 16:31:35,892 - INFO - Received event notification
2015-03-22 16:31:35,892 - INFO - Adding ONE buffer identifier for file: /etc/fonts/conf.avail.infinality/combi/37-repl-global-combi.conf
2015-03-22 16:32:16,090 - INFO - Received event notification
2015-03-22 16:32:16,091 - INFO - Adding buffer identifiers for file: /etc/fonts/conf.avail.infinality/combi/37-repl-global-combi.conf
2015-03-22 16:32:32,867 - INFO - Received event notification
2015-03-22 16:32:32,868 - INFO - Adding buffer identifiers for file: /etc/fonts/conf.avail.infinality/combi/37-repl-global-combi.conf
2015-03-22 16:32:34,247 - INFO - Received event notification
2015-03-22 16:32:34,248 - INFO - Adding buffer identifiers for file: /etc/fonts/conf.avail.infinality/combi/37-repl-global-combi.conf
2015-03-22 16:32:34,257 - INFO - Received event notification
2015-03-22 16:32:34,258 - INFO - Adding ONE buffer identifier for file: /etc/fonts/conf.avail.infinality/combi/37-repl-global-combi.conf
2015-03-22 16:32:35,958 - INFO - Received event notification
2015-03-22 16:32:35,959 - INFO - Adding buffer identifiers for file: /etc/fonts/conf.avail.infinality/combi/37-repl-global-combi.conf
2015-03-22 16:32:38,077 - INFO - Received event notification
2015-03-22 16:32:38,077 - INFO - Adding buffer identifiers for file: /etc/fonts/conf.avail.infinality/combi/37-repl-global-combi.conf
2015-03-22 16:32:39,280 - INFO - Received event notification
2015-03-22 16:32:39,281 - INFO - Adding buffer identifiers for file: /etc/fonts/conf.avail.infinality/combi/37-repl-global-combi.conf
2015-03-22 16:33:33,730 - INFO - Received event notification
2015-03-22 16:33:33,731 - INFO - Adding buffer identifiers for file: /etc/fonts/conf.avail.infinality/combi/37-repl-global-combi.conf
2015-03-22 16:33:39,869 - INFO - Received event notification
2015-03-22 16:33:39,870 - INFO - Adding buffer identifiers for file: /etc/fonts/conf.avail.infinality/combi/37-repl-global-combi.conf
2015-03-22 16:35:48,318 - INFO - Received event notification
2015-03-22 16:35:48,319 - INFO - Adding ONE buffer identifier for file: /etc/fonts/conf.avail.infinality/combi/37-repl-global-combi.conf
2015-03-22 16:35:48,807 - INFO - Received completion request
2015-03-22 16:35:49,396 - INFO - Received completion request
2015-03-22 16:35:49,986 - INFO - Received completion request
2015-03-22 16:35:50,129 - INFO - Received completion request
2015-03-22 16:35:50,329 - INFO - Received completion request
2015-03-22 16:35:50,435 - INFO - Received completion request
2015-03-22 16:35:50,577 - INFO - Received completion request
2015-03-22 16:35:50,821 - INFO - Received event notification
2015-03-22 16:35:50,821 - INFO - Adding ONE buffer identifier for file: /etc/fonts/conf.avail.infinality/combi/37-repl-global-combi.conf
2015-03-22 16:35:50,832 - INFO - Received completion request
2015-03-22 16:35:53,253 - INFO - Received completion request
2015-03-22 16:35:53,530 - INFO - Received completion request
2015-03-22 16:35:54,457 - INFO - Received event notification
2015-03-22 16:35:54,458 - INFO - Adding ONE buffer identifier for file: /etc/fonts/conf.avail.infinality/combi/37-repl-global-combi.conf
2015-03-22 16:35:54,470 - INFO - Received completion request
2015-03-22 16:35:55,164 - INFO - Received completion request
2015-03-22 16:35:55,721 - INFO - Received completion request
2015-03-22 16:35:56,687 - INFO - Received event notification
2015-03-22 16:35:56,687 - INFO - Adding ONE buffer identifier for file: /etc/fonts/conf.avail.infinality/combi/37-repl-global-combi.conf
2015-03-22 16:35:56,697 - INFO - Received completion request
2015-03-22 16:35:57,008 - INFO - Received completion request
2015-03-22 16:35:57,328 - INFO - Received completion request
2015-03-22 16:35:57,581 - INFO - Received completion request
2015-03-22 16:35:59,300 - INFO - Received event notification
2015-03-22 16:35:59,301 - INFO - Adding ONE buffer identifier for file: /etc/fonts/conf.avail.infinality/combi/37-repl-global-combi.conf
2015-03-22 16:35:59,310 - INFO - Received completion request
2015-03-22 16:36:00,089 - INFO - Received completion request
2015-03-22 16:36:00,640 - INFO - Received completion request
2015-03-22 16:36:00,746 - INFO - Received completion request
2015-03-22 16:36:00,803 - INFO - Received completion request
2015-03-22 16:36:00,908 - INFO - Received completion request
2015-03-22 16:36:01,062 - INFO - Received completion request
2015-03-22 16:36:01,159 - INFO - Received completion request
2015-03-22 16:36:01,476 - INFO - Received event notification
2015-03-22 16:36:01,477 - INFO - Adding ONE buffer identifier for file: /etc/fonts/conf.avail.infinality/combi/37-repl-global-combi.conf
2015-03-22 16:36:01,485 - INFO - Received completion request
2015-03-22 16:36:02,289 - INFO - Received event notification
2015-03-22 16:36:02,290 - INFO - Adding buffer identifiers for file: /etc/fonts/conf.avail.infinality/combi/37-repl-global-combi.conf
2015-03-22 16:36:02,300 - INFO - Received event notification
2015-03-22 16:36:06,481 - INFO - Received event notification
2015-03-22 16:36:06,483 - INFO - Adding ONE buffer identifier for file: /etc/fonts/conf.avail.infinality/combi/37-repl-global-combi.conf
2015-03-22 16:36:06,944 - INFO - Received completion request
2015-03-22 16:36:07,653 - INFO - Received completion request
2015-03-22 16:36:07,769 - INFO - Received completion request
2015-03-22 16:36:08,464 - INFO - Received completion request
2015-03-22 16:36:08,486 - INFO - Received completion request
2015-03-22 16:36:10,509 - INFO - Received completion request
2015-03-22 16:36:10,607 - INFO - Received completion request
2015-03-22 16:36:10,793 - INFO - Received completion request
2015-03-22 16:36:10,918 - INFO - Received completion request
2015-03-22 16:36:11,004 - INFO - Received completion request
2015-03-22 16:36:11,609 - INFO - Received event notification
2015-03-22 16:36:11,610 - INFO - Adding ONE buffer identifier for file: /etc/fonts/conf.avail.infinality/combi/37-repl-global-combi.conf
2015-03-22 16:36:11,619 - INFO - Received completion request
2015-03-22 16:36:13,102 - INFO - Received completion request
2015-03-22 16:36:13,484 - INFO - Received completion request
2015-03-22 16:36:14,429 - INFO - Received event notification
2015-03-22 16:36:14,430 - INFO - Adding ONE buffer identifier for file: /etc/fonts/conf.avail.infinality/combi/37-repl-global-combi.conf
2015-03-22 16:36:14,440 - INFO - Received completion request
2015-03-22 16:36:15,103 - INFO - Received completion request
2015-03-22 16:36:15,789 - INFO - Received completion request
2015-03-22 16:36:16,558 - INFO - Received event notification
2015-03-22 16:36:16,558 - INFO - Adding ONE buffer identifier for file: /etc/fonts/conf.avail.infinality/combi/37-repl-global-combi.conf
2015-03-22 16:36:16,571 - INFO - Received completion request
2015-03-22 16:36:17,023 - INFO - Received completion request
2015-03-22 16:36:17,237 - INFO - Received completion request
2015-03-22 16:36:18,627 - INFO - Received event notification
2015-03-22 16:36:18,627 - INFO - Adding buffer identifiers for file: /etc/fonts/conf.avail.infinality/combi/37-repl-global-combi.conf
2015-03-22 16:36:18,634 - INFO - Received event notification
2015-03-22 16:36:18,635 - INFO - Adding ONE buffer identifier for file: /etc/fonts/conf.avail.infinality/combi/37-repl-global-combi.conf
2015-03-22 16:36:20,453 - INFO - Received completion request
2015-03-22 16:36:20,716 - INFO - Received event notification
2015-03-22 16:36:20,717 - INFO - Adding ONE buffer identifier for file: /etc/fonts/conf.avail.infinality/combi/37-repl-global-combi.conf
2015-03-22 16:36:20,727 - INFO - Received completion request
2015-03-22 16:36:21,199 - INFO - Received completion request
2015-03-22 16:36:21,829 - INFO - Received event notification
2015-03-22 16:36:21,830 - INFO - Adding ONE buffer identifier for file: /etc/fonts/conf.avail.infinality/combi/37-repl-global-combi.conf
2015-03-22 16:36:21,842 - INFO - Received completion request
2015-03-22 16:36:22,159 - INFO - Received completion request
2015-03-22 16:36:22,599 - INFO - Received completion request
2015-03-22 16:36:22,923 - INFO - Received completion request
2015-03-22 16:36:23,080 - INFO - Received completion request
2015-03-22 16:36:23,220 - INFO - Received completion request
2015-03-22 16:36:23,312 - INFO - Received completion request
2015-03-22 16:36:23,425 - INFO - Received completion request
2015-03-22 16:36:23,762 - INFO - Received event notification
2015-03-22 16:36:23,763 - INFO - Adding ONE buffer identifier for file: /etc/fonts/conf.avail.infinality/combi/37-repl-global-combi.conf
2015-03-22 16:36:23,773 - INFO - Received completion request
2015-03-22 16:36:24,501 - INFO - Received event notification
2015-03-22 16:36:24,502 - INFO - Adding buffer identifiers for file: /etc/fonts/conf.avail.infinality/combi/37-repl-global-combi.conf
2015-03-22 16:36:24,512 - INFO - Received event notification
2015-03-22 16:36:25,667 - INFO - Received event notification
2015-03-22 16:36:25,668 - INFO - Adding buffer identifiers for file: /etc/fonts/conf.avail.infinality/combi/37-repl-global-combi.conf
2015-03-22 16:36:26,878 - INFO - Received event notification
2015-03-22 16:36:26,879 - INFO - Adding buffer identifiers for file: /etc/fonts/conf.avail.infinality/combi/37-repl-global-combi.conf
2015-03-22 16:36:32,100 - INFO - Received event notification
2015-03-22 16:36:32,101 - INFO - Adding buffer identifiers for file: /etc/fonts/conf.avail.infinality/combi/37-repl-global-combi.conf
2015-03-22 16:36:32,881 - INFO - Received completion request
2015-03-22 16:36:33,033 - INFO - Received completion request
2015-03-22 16:36:33,170 - INFO - Received completion request
2015-03-22 16:36:33,263 - INFO - Received completion request
2015-03-22 16:36:33,346 - INFO - Received completion request
2015-03-22 16:36:33,446 - INFO - Received completion request
2015-03-22 16:36:33,857 - INFO - Received event notification
2015-03-22 16:36:33,858 - INFO - Adding buffer identifiers for file: /etc/fonts/conf.avail.infinality/combi/37-repl-global-combi.conf
2015-03-22 16:36:33,866 - INFO - Received event notification
2015-03-22 16:36:33,867 - INFO - Adding ONE buffer identifier for file: /etc/fonts/conf.avail.infinality/combi/37-repl-global-combi.conf
2015-03-22 16:37:15,356 - INFO - Received event notification
2015-03-22 16:37:16,350 - INFO - Received event notification
2015-03-22 16:37:16,351 - INFO - Adding buffer identifiers for file: /etc/fonts/conf.avail.infinality/combi/37-repl-global-combi.conf
2015-03-22 16:39:04,738 - INFO - Received event notification
2015-03-22 16:39:04,761 - INFO - Server shutting down
